{"/Users/alecprobert/raindrops-on-roses/src/pure/clamp.ts": {"path":"/Users/alecprobert/raindrops-on-roses/src/pure/clamp.ts","statementMap":{"0":{"start":{"line":2,"column":2},"end":{"line":2,"column":null}}},"fnMap":{"0":{"name":"clamp","decl":{"start":{"line":1,"column":16},"end":{"line":1,"column":22}},"loc":{"start":{"line":1,"column":71},"end":{"line":3,"column":null}},"line":1}},"branchMap":{},"s":{"0":5},"f":{"0":5},"b":{},"meta":{"lastBranch":0,"lastFunction":1,"lastStatement":1,"seen":{"f:1:16:1:22":0,"s:2:2:2:Infinity":0},"fnNames":{}}}
}
