{"/Users/alecprobert/raindrops-on-roses/modules/number/clamp/src/index.ts": {"path":"/Users/alecprobert/raindrops-on-roses/modules/number/clamp/src/index.ts","statementMap":{"0":{"start":{"line":17,"column":2},"end":{"line":17,"column":null}}},"fnMap":{"0":{"name":"clamp","decl":{"start":{"line":16,"column":16},"end":{"line":16,"column":22}},"loc":{"start":{"line":16,"column":71},"end":{"line":18,"column":null}},"line":16}},"branchMap":{},"s":{"0":5},"f":{"0":5},"b":{},"meta":{"lastBranch":0,"lastFunction":1,"lastStatement":1,"seen":{"f:16:16:16:22":0,"s:17:2:17:Infinity":0},"fnNames":{}}}
,"/Users/alecprobert/raindrops-on-roses/modules/number/nice-number/src/index.ts": {"path":"/Users/alecprobert/raindrops-on-roses/modules/number/nice-number/src/index.ts","statementMap":{"0":{"start":{"line":26,"column":19},"end":{"line":26,"column":null}},"1":{"start":{"line":27,"column":20},"end":{"line":27,"column":null}},"2":{"start":{"line":28,"column":19},"end":{"line":28,"column":null}},"3":{"start":{"line":29,"column":18},"end":{"line":29,"column":null}},"4":{"start":{"line":33,"column":2},"end":{"line":53,"column":null}},"5":{"start":{"line":34,"column":4},"end":{"line":42,"column":null}},"6":{"start":{"line":35,"column":6},"end":{"line":35,"column":null}},"7":{"start":{"line":36,"column":11},"end":{"line":42,"column":null}},"8":{"start":{"line":37,"column":6},"end":{"line":37,"column":null}},"9":{"start":{"line":38,"column":11},"end":{"line":42,"column":null}},"10":{"start":{"line":39,"column":6},"end":{"line":39,"column":null}},"11":{"start":{"line":41,"column":6},"end":{"line":41,"column":null}},"12":{"start":{"line":44,"column":4},"end":{"line":52,"column":null}},"13":{"start":{"line":45,"column":6},"end":{"line":45,"column":null}},"14":{"start":{"line":46,"column":11},"end":{"line":52,"column":null}},"15":{"start":{"line":47,"column":6},"end":{"line":47,"column":null}},"16":{"start":{"line":48,"column":11},"end":{"line":52,"column":null}},"17":{"start":{"line":49,"column":6},"end":{"line":49,"column":null}},"18":{"start":{"line":51,"column":6},"end":{"line":51,"column":null}},"19":{"start":{"line":55,"column":2},"end":{"line":55,"column":null}}},"fnMap":{"0":{"name":"niceNumber","decl":{"start":{"line":25,"column":16},"end":{"line":25,"column":27}},"loc":{"start":{"line":25,"column":65},"end":{"line":56,"column":null}},"line":25}},"branchMap":{"0":{"loc":{"start":{"line":25,"column":42},"end":{"line":25,"column":65}},"type":"default-arg","locations":[{"start":{"line":25,"column":50},"end":{"line":25,"column":65}}],"line":25},"1":{"loc":{"start":{"line":33,"column":2},"end":{"line":53,"column":null}},"type":"if","locations":[{"start":{"line":33,"column":2},"end":{"line":53,"column":null}},{"start":{"line":43,"column":9},"end":{"line":53,"column":null}}],"line":33},"2":{"loc":{"start":{"line":34,"column":4},"end":{"line":42,"column":null}},"type":"if","locations":[{"start":{"line":34,"column":4},"end":{"line":42,"column":null}},{"start":{"line":36,"column":11},"end":{"line":42,"column":null}}],"line":34},"3":{"loc":{"start":{"line":36,"column":11},"end":{"line":42,"column":null}},"type":"if","locations":[{"start":{"line":36,"column":11},"end":{"line":42,"column":null}},{"start":{"line":38,"column":11},"end":{"line":42,"column":null}}],"line":36},"4":{"loc":{"start":{"line":38,"column":11},"end":{"line":42,"column":null}},"type":"if","locations":[{"start":{"line":38,"column":11},"end":{"line":42,"column":null}},{"start":{"line":40,"column":11},"end":{"line":42,"column":null}}],"line":38},"5":{"loc":{"start":{"line":44,"column":4},"end":{"line":52,"column":null}},"type":"if","locations":[{"start":{"line":44,"column":4},"end":{"line":52,"column":null}},{"start":{"line":46,"column":11},"end":{"line":52,"column":null}}],"line":44},"6":{"loc":{"start":{"line":46,"column":11},"end":{"line":52,"column":null}},"type":"if","locations":[{"start":{"line":46,"column":11},"end":{"line":52,"column":null}},{"start":{"line":48,"column":11},"end":{"line":52,"column":null}}],"line":46},"7":{"loc":{"start":{"line":48,"column":11},"end":{"line":52,"column":null}},"type":"if","locations":[{"start":{"line":48,"column":11},"end":{"line":52,"column":null}},{"start":{"line":50,"column":11},"end":{"line":52,"column":null}}],"line":48}},"s":{"0":89,"1":89,"2":89,"3":89,"4":89,"5":49,"6":14,"7":35,"8":14,"9":21,"10":14,"11":7,"12":40,"13":7,"14":33,"15":13,"16":20,"17":13,"18":7,"19":89},"f":{"0":89},"b":{"0":[89],"1":[49,40],"2":[14,35],"3":[14,21],"4":[14,7],"5":[7,33],"6":[13,20],"7":[13,7]},"meta":{"lastBranch":8,"lastFunction":1,"lastStatement":20,"seen":{"f:25:16:25:27":0,"b:25:50:25:65":0,"s:26:19:26:Infinity":0,"s:27:20:27:Infinity":1,"s:28:19:28:Infinity":2,"s:29:18:29:Infinity":3,"b:33:2:53:Infinity:43:9:53:Infinity":1,"s:33:2:53:Infinity":4,"b:34:4:42:Infinity:36:11:42:Infinity":2,"s:34:4:42:Infinity":5,"s:35:6:35:Infinity":6,"b:36:11:42:Infinity:38:11:42:Infinity":3,"s:36:11:42:Infinity":7,"s:37:6:37:Infinity":8,"b:38:11:42:Infinity:40:11:42:Infinity":4,"s:38:11:42:Infinity":9,"s:39:6:39:Infinity":10,"s:41:6:41:Infinity":11,"b:44:4:52:Infinity:46:11:52:Infinity":5,"s:44:4:52:Infinity":12,"s:45:6:45:Infinity":13,"b:46:11:52:Infinity:48:11:52:Infinity":6,"s:46:11:52:Infinity":14,"s:47:6:47:Infinity":15,"b:48:11:52:Infinity:50:11:52:Infinity":7,"s:48:11:52:Infinity":16,"s:49:6:49:Infinity":17,"s:51:6:51:Infinity":18,"s:55:2:55:Infinity":19},"fnNames":{}}}
,"/Users/alecprobert/raindrops-on-roses/modules/number/numbers-from-seed/src/index.ts": {"path":"/Users/alecprobert/raindrops-on-roses/modules/number/numbers-from-seed/src/index.ts","statementMap":{"0":{"start":{"line":46,"column":21},"end":{"line":46,"column":null}},"1":{"start":{"line":47,"column":13},"end":{"line":47,"column":null}},"2":{"start":{"line":48,"column":2},"end":{"line":51,"column":null}},"3":{"start":{"line":48,"column":15},"end":{"line":48,"column":18}},"4":{"start":{"line":49,"column":4},"end":{"line":49,"column":null}},"5":{"start":{"line":50,"column":4},"end":{"line":50,"column":null}},"6":{"start":{"line":52,"column":14},"end":{"line":52,"column":null}},"7":{"start":{"line":53,"column":8},"end":{"line":60,"column":null}},"8":{"start":{"line":54,"column":4},"end":{"line":54,"column":null}},"9":{"start":{"line":55,"column":12},"end":{"line":55,"column":null}},"10":{"start":{"line":56,"column":4},"end":{"line":56,"column":null}},"11":{"start":{"line":57,"column":4},"end":{"line":57,"column":null}},"12":{"start":{"line":58,"column":10},"end":{"line":58,"column":null}},"13":{"start":{"line":59,"column":4},"end":{"line":59,"column":null}},"14":{"start":{"line":61,"column":18},"end":{"line":61,"column":null}},"15":{"start":{"line":62,"column":2},"end":{"line":64,"column":null}},"16":{"start":{"line":63,"column":4},"end":{"line":63,"column":null}},"17":{"start":{"line":63,"column":34},"end":{"line":63,"column":39}},"18":{"start":{"line":65,"column":2},"end":{"line":67,"column":null}},"19":{"start":{"line":66,"column":4},"end":{"line":66,"column":null}},"20":{"start":{"line":66,"column":34},"end":{"line":66,"column":39}},"21":{"start":{"line":68,"column":2},"end":{"line":68,"column":null}}},"fnMap":{"0":{"name":"numbersFromSeed","decl":{"start":{"line":33,"column":16},"end":{"line":33,"column":32}},"loc":{"start":{"line":45,"column":13},"end":{"line":69,"column":null}},"line":45},"1":{"name":"(anonymous_1)","decl":{"start":{"line":53,"column":8},"end":{"line":53,"column":23}},"loc":{"start":{"line":53,"column":23},"end":{"line":60,"column":null}},"line":53},"2":{"name":"(anonymous_2)","decl":{"start":{"line":63,"column":19},"end":{"line":63,"column":25}},"loc":{"start":{"line":63,"column":34},"end":{"line":63,"column":39}},"line":63},"3":{"name":"(anonymous_3)","decl":{"start":{"line":66,"column":19},"end":{"line":66,"column":25}},"loc":{"start":{"line":66,"column":34},"end":{"line":66,"column":39}},"line":66}},"branchMap":{"0":{"loc":{"start":{"line":36,"column":2},"end":{"line":36,"column":null}},"type":"default-arg","locations":[{"start":{"line":36,"column":10},"end":{"line":36,"column":null}}],"line":36},"1":{"loc":{"start":{"line":37,"column":2},"end":{"line":37,"column":null}},"type":"default-arg","locations":[{"start":{"line":37,"column":18},"end":{"line":37,"column":null}}],"line":37},"2":{"loc":{"start":{"line":38,"column":2},"end":{"line":38,"column":null}},"type":"default-arg","locations":[{"start":{"line":38,"column":12},"end":{"line":38,"column":null}}],"line":38},"3":{"loc":{"start":{"line":59,"column":11},"end":{"line":59,"column":null}},"type":"cond-expr","locations":[{"start":{"line":59,"column":21},"end":{"line":59,"column":39}},{"start":{"line":59,"column":39},"end":{"line":59,"column":null}}],"line":59},"4":{"loc":{"start":{"line":62,"column":2},"end":{"line":64,"column":null}},"type":"if","locations":[{"start":{"line":62,"column":2},"end":{"line":64,"column":null}},{"start":{},"end":{}}],"line":62},"5":{"loc":{"start":{"line":65,"column":2},"end":{"line":67,"column":null}},"type":"if","locations":[{"start":{"line":65,"column":2},"end":{"line":67,"column":null}},{"start":{},"end":{}}],"line":65}},"s":{"0":11,"1":11,"2":11,"3":11,"4":32,"5":32,"6":11,"7":11,"8":43,"9":43,"10":43,"11":43,"12":43,"13":43,"14":11,"15":11,"16":1,"17":7,"18":10,"19":1,"20":8,"21":9},"f":{"0":11,"1":43,"2":7,"3":8},"b":{"0":[11],"1":[11],"2":[11],"3":[40,3],"4":[1,10],"5":[1,9]},"meta":{"lastBranch":6,"lastFunction":4,"lastStatement":22,"seen":{"f:33:16:33:32":0,"b:36:10:36:Infinity":0,"b:37:18:37:Infinity":1,"b:38:12:38:Infinity":2,"s:46:21:46:Infinity":0,"s:47:13:47:Infinity":1,"s:48:2:51:Infinity":2,"s:48:15:48:18":3,"s:49:4:49:Infinity":4,"s:50:4:50:Infinity":5,"s:52:14:52:Infinity":6,"s:53:8:60:Infinity":7,"f:53:8:53:23":1,"s:54:4:54:Infinity":8,"s:55:12:55:Infinity":9,"s:56:4:56:Infinity":10,"s:57:4:57:Infinity":11,"s:58:10:58:Infinity":12,"s:59:4:59:Infinity":13,"b:59:21:59:39:59:39:59:Infinity":3,"s:61:18:61:Infinity":14,"b:62:2:64:Infinity:undefined:undefined:undefined:undefined":4,"s:62:2:64:Infinity":15,"s:63:4:63:Infinity":16,"f:63:19:63:25":2,"s:63:34:63:39":17,"b:65:2:67:Infinity:undefined:undefined:undefined:undefined":5,"s:65:2:67:Infinity":18,"s:66:4:66:Infinity":19,"f:66:19:66:25":3,"s:66:34:66:39":20,"s:68:2:68:Infinity":21},"fnNames":{}}}
}
